
Showing logs for build [32mjstrachan-nodey433-master-zfs7z-3[0m stage [32mfrom-build-pack[0m and container [32mstep-credential-initializer-qdqvx[0m
{"level":"warn","ts":1584092637.0212421,"logger":"fallback-logger","caller":"logging/config.go:69","msg":"Fetch GitHub commit ID from kodata failed: \"ref: refs/heads/0.8.0-**-support-backwards-incompats\" is not a valid GitHub commit ID"}
{"level":"info","ts":1584092637.0219827,"logger":"fallback-logger","caller":"creds-init/main.go:40","msg":"Credentials initialized."}

Showing logs for build [32mjstrachan-nodey433-master-zfs7z-3[0m stage [32mfrom-build-pack[0m and container [32mstep-working-dir-initializer-cf2vb[0m
{"level":"warn","ts":1584092638.0973852,"logger":"fallback-logger","caller":"logging/config.go:69","msg":"Fetch GitHub commit ID from kodata failed: open /var/run/ko/HEAD: no such file or directory"}
{"level":"info","ts":1584092638.0986311,"logger":"fallback-logger","caller":"bash/main.go:64","msg":"Successfully executed command \"sh -c mkdir -p /workspace/source\"; output "}

Showing logs for build [32mjstrachan-nodey433-master-zfs7z-3[0m stage [32mfrom-build-pack[0m and container [32mstep-place-tools[0m

Showing logs for build [32mjstrachan-nodey433-master-zfs7z-3[0m stage [32mfrom-build-pack[0m and container [32mstep-git-source-jstrachan-nodey433-master-zfs7z-dkd9g[0m
{"level":"warn","ts":1584092645.2595513,"logger":"fallback-logger","caller":"logging/config.go:69","msg":"Fetch GitHub commit ID from kodata failed: \"ref: refs/heads/0.8.0-**-support-backwards-incompats\" is not a valid GitHub commit ID"}
{"level":"info","ts":1584092646.4540515,"logger":"fallback-logger","caller":"git/git.go:103","msg":"Successfully cloned https://github.com/*********/nodey433.git @ v0.0.3 in path /workspace/source"}

Showing logs for build [32mjstrachan-nodey433-master-zfs7z-3[0m stage [32mfrom-build-pack[0m and container [32mstep-git-merge[0m
Using SHAs from PULL_REFS=master:
WARNING: no SHAs to merge, falling back to initial cloned commit

Showing logs for build [32mjstrachan-nodey433-master-zfs7z-3[0m stage [32mfrom-build-pack[0m and container [32mstep-setup-jx-git-credentials[0m
Generated Git credentials file /workspace/xdg_config/git/credentials

Showing logs for build [32mjstrachan-nodey433-master-zfs7z-3[0m stage [32mfrom-build-pack[0m and container [32mstep-build-npmrc[0m
Command "credential" is deprecated, it will be removed on Jun 1 2020.  This is replaced by Tekton's mounted secrets
WARNING: failed to find Secret npm-token in namespace **

Showing logs for build [32mjstrachan-nodey433-master-zfs7z-3[0m stage [32mfrom-build-pack[0m and container [32mstep-build-npm-install[0m
npm notice created a lockfile as package-lock.json. You should commit this file.
npm WARN REPLACE_ME@1.0.0 No repository field.
npm WARN REPLACE_ME@1.0.0 No license field.

up to date in 0.89s
found 0 vulnerabilities


Showing logs for build [32mjstrachan-nodey433-master-zfs7z-3[0m stage [32mfrom-build-pack[0m and container [32mstep-build-npm-test[0m

> REPLACE_ME@1.0.0 test /workspace/source
> echo "no test specified" && exit 0

no test specified

Showing logs for build [32mjstrachan-nodey433-master-zfs7z-3[0m stage [32mfrom-build-pack[0m and container [32mstep-build-container-build[0m
ERROR: logging before flag.Parse: E0313 09:44:13.247181      11 metadata.go:241] Failed to unmarshal scopes: invalid character 'h' looking for beginning of value
[36mINFO[0m[0001] Downloading base image node:9-slim           
ERROR: logging before flag.Parse: E0313 09:44:13.257750      11 metadata.go:142] while reading 'google-dockercfg' metadata: http status code: 404 while fetching url http://metadata.google.internal./computeMetadata/v1/instance/attributes/google-dockercfg
ERROR: logging before flag.Parse: E0313 09:44:13.260100      11 metadata.go:159] while reading 'google-dockercfg-url' metadata: http status code: 404 while fetching url http://metadata.google.internal./computeMetadata/v1/instance/attributes/google-dockercfg-url
2020/03/13 09:44:13 No matching credentials were found, falling back on anonymous
[36mINFO[0m[0002] Error while retrieving image from cache: getting file info: stat /workspace/sha256:0e0175bbe4f8d9d104590d8d2c591017874e30977cb71aaff1cf6fa99479575c: no such file or directory 
[36mINFO[0m[0002] Downloading base image node:9-slim           
2020/03/13 09:44:14 No matching credentials were found, falling back on anonymous
[36mINFO[0m[0003] Executing 0 build triggers                   
[36mINFO[0m[0003] cmd: EXPOSE                                  
[36mINFO[0m[0003] Adding exposed port: 8080/tcp                
[36mINFO[0m[0003] Using files from context: [/workspace/source] 
[36mINFO[0m[0003] Skipping unpacking as no commands require it. 
[36mINFO[0m[0003] Taking snapshot of full filesystem...        
[36mINFO[0m[0003] ENV PORT 8080                                
[36mINFO[0m[0003] No files changed in this command, skipping snapshotting. 
[36mINFO[0m[0003] EXPOSE 8080                                  
[36mINFO[0m[0003] cmd: EXPOSE                                  
[36mINFO[0m[0003] Adding exposed port: 8080/tcp                
[36mINFO[0m[0003] No files changed in this command, skipping snapshotting. 
[36mINFO[0m[0003] WORKDIR /usr/src/app                         
[36mINFO[0m[0003] cmd: workdir                                 
[36mINFO[0m[0003] Changed working directory to /usr/src/app    
[36mINFO[0m[0003] Creating directory /usr/src/app              
[36mINFO[0m[0003] Taking snapshot of files...                  
[36mINFO[0m[0003] Using files from context: [/workspace/source] 
[36mINFO[0m[0003] COPY . .                                     
[36mINFO[0m[0003] Taking snapshot of files...                  
[36mINFO[0m[0003] CMD ["npm", "start"]                         
[36mINFO[0m[0003] No files changed in this command, skipping snapshotting. 
2020/03/13 09:44:16 existing blob: sha256:a88538b9cd05cfa611e43a25582a95ad7879f6fa708b0386a26b71ee62235bb3
2020/03/13 09:44:16 existing blob: sha256:e01bd28a434b56ffd2a3fe9aa99b9b69aecca69904843edd30b1ee7150d79904
2020/03/13 09:44:16 existing blob: sha256:5bba3ecb4cd6374a19da45f2a3db0a9c0804984358b3bb4b666c28944016e5ff
2020/03/13 09:44:16 existing blob: sha256:196b8e3c919d5639193ba6c6e54774528942041bbc37606631a2250502985c3c
2020/03/13 09:44:16 existing blob: sha256:7d083412657baa2dafba8d093034ef26f9ed2c90fb6ed95f76bb55aff03ed429
2020/03/13 09:44:19 pushed blob: sha256:301bed31130e660b90854e4862e305241dca91e2203add15b2c4da5ef8cd4cd4
2020/03/13 09:44:19 pushed blob: sha256:96de138cdf2e8239d2d4ad247d9f3ef94c99973e05441c6ee13278cb3252354e
2020/03/13 09:44:19 pushed blob: sha256:8de35deb0664ee8972e4c014e88a97baa556264d871b049e23b049108b7ce0a8
2020/03/13 09:44:21 gcr.io/*********-multicluster/nodey433:0.0.3: digest: sha256:2cde64c56b3b424e25ba9401ac539de267019330020c535bd6ab346cf6ecf176 size: 1404

Showing logs for build [32mjstrachan-nodey433-master-zfs7z-3[0m stage [32mfrom-build-pack[0m and container [32mstep-build-post-build[0m
no CVE provider running in the current ** namespace so skip adding image to be analysed

Showing logs for build [32mjstrachan-nodey433-master-zfs7z-3[0m stage [32mfrom-build-pack[0m and container [32mstep-promote-changelog[0m
Converted /workspace/source/charts/nodey433 to an unshallow repository
Generating change log from git ref df164a0d7408ef5c23b4987d832884f21284a414 => 8ffb60c57a6f555b429f064a58e7e6673ff34fcb
WARNING: No release found for *********/nodey433 and tag v0.0.3 so creating a new release
Updated the release information at https://github.com/*********/nodey433/releases/tag/v0.0.3
generated: /workspace/source/charts/nodey433/templates/release.yaml
Created Release nodey433-0-0-3 resource in namespace **
Updating PipelineActivity *********-nodey433-master-3 with version 0.0.3
Updated PipelineActivities *********-nodey433-master-3 with release notes URL: https://github.com/*********/nodey433/releases/tag/v0.0.3

Showing logs for build [32mjstrachan-nodey433-master-zfs7z-3[0m stage [32mfrom-build-pack[0m and container [32mstep-promote-helm-release[0m
Adding missing Helm repo: storage.googleapis.com https://storage.googleapis.com/chartmuseum.jenkins-x.io
Successfully added Helm repository storage.googleapis.com.
Adding missing Helm repo: bucketrepo http://bucketrepo/bucketrepo/charts/
Successfully added Helm repository bucketrepo.
error: failed to build dependencies for chart from directory '.': failed to lint the chart '.': failed to run 'helm lint --set tags.**-lint=true --set global.**Lint=true --set-string global.**TypeEnv=lint --values values.yaml' command in directory '.', output: '==> Linting .
[ERROR] templates/: render error in "nodey433/templates/canary.yaml": template: nodey433/templates/canary.yaml:30:24: executing "nodey433/templates/canary.yaml" at <.Values.canary.canaryAnalysis.interval>: nil pointer evaluating interface **.interval

Error: 1 chart(s) linted, 1 chart(s) failed'
[31m
Pipeline failed on stage 'from-build-pack' : container 'step-promote-helm-release'. The execution of the pipeline has stopped.[0m
